#
# A fatal error has been detected by the Java Runtime Environment:
#
#  SIGSEGV (0xb) at pc=0x00000001272a4cdd, pid=1836, tid=0x000000000000c307
#
# JRE version: Java(TM) SE Runtime Environment (8.0_92-b14) (build 1.8.0_92-b14)
# Java VM: Java HotSpot(TM) 64-Bit Server VM (25.92-b14 mixed mode bsd-amd64 compressed oops)
# Problematic frame:
# C  [libawt_lwawt.dylib+0x1acdd]  OGLSD_SetScratchSurface+0x49
#
# Failed to write core dump. Core dumps have been disabled. To enable core dumping, try "ulimit -c unlimited" before starting Java again
#
# If you would like to submit a bug report, please visit:
#   http://bugreport.java.com/bugreport/crash.jsp
# The crash happened outside the Java Virtual Machine in native code.
# See problematic frame for where to report the bug.
#

---------------  T H R E A D  ---------------

Current thread (0x00007fb4f484f000):  JavaThread "Java2D Queue Flusher" daemon [_thread_in_native, id=49927, stack(0x00007000012d6000,0x00007000013d6000)]

siginfo: si_signo: 11 (SIGSEGV), si_code: 1 (SEGV_MAPERR), si_addr: 0x0000000000000002

Registers:
RAX=0x00000000ffffffff, RBX=0x0000000000000002, RCX=0x0000000000000047, RDX=0x00000001272c5844
RSP=0x00007000013d5810, RBP=0x00007000013d5830, RSI=0x00007fb4f2d547c0, RDI=0x00007fb4f484f1f8
R8 =0x00000000f2f1030f, R9 =0x0000000000000000, R10=0x0000000110227438, R11=0x0000000000000020
R12=0x0000000000000000, R13=0x00000007978903c0, R14=0x00007fb4f484f1f8, R15=0x00007fb4f484f000
RIP=0x00000001272a4cdd, EFLAGS=0x0000000000010202, ERR=0x0000000000000004
  TRAPNO=0x000000000000000e

Top of Stack: (sp=0x00007000013d5810)
0x00007000013d5810:   00007fb4f2d547c0 0000000000000000
0x00007000013d5820:   00007fb4f31e3a10 00007fb4f484f000
0x00007000013d5830:   00007000013d58b0 00000001272c5322
0x00007000013d5840:   0000000000000064 00007fb4f2f2db38
0x00007000013d5850:   00007000013d58b0 000000010e9747b0
0x00007000013d5860:   0000000000000005 00007fb4f484f000
0x00007000013d5870:   0000000797890301 00007fb4f31e3a20
0x00007000013d5880:   00007000003d5800 00007fb4f484f1f8
0x00007000013d5890:   0000000000000000 0000000000000000
0x00007000013d58a0:   00007000013d5908 00007fb4f484f000
0x00007000013d58b0:   00007000013d5900 00000001102274aa
0x00007000013d58c0:   0000000797881860 00007000013d5908
0x00007000013d58d0:   00000001244680c0 0000000000000000
0x00007000013d58e0:   0000000124468050 0000000000000000
0x00007000013d58f0:   00007000013d5910 00000000f2f62d02
0x00007000013d5900:   00000000f2f1030c 0000000110431fb8
0x00007000013d5910:   0000000797881860 0000000000000000
0x00007000013d5920:   00000007978903c0 0000000000000000
0x00007000013d5930:   00000007978903c0 00007000013d59d0
0x00007000013d5940:   0000000000000001 0000000000000000
0x00007000013d5950:   00007000013d59d0 000000010fe357a7
0x00007000013d5960:   0000000797b103d8 00000007976183a0
0x00007000013d5970:   0000700000001fa0 000000000000000a
0x00007000013d5980:   00007fb4f484f000 0000000000000001
0x00007000013d5990:   000000010fe3571f 000000012412fe50
0x00007000013d59a0:   00007000013d5a68 00007000013d5d00
0x00007000013d59b0:   000000010000000a 000000012412fe50
0x00007000013d59c0:   000000010fe48120 00007000013d5c70
0x00007000013d59d0:   00007000013d5b80 000000010e912c9a
0x00007000013d59e0:   0000700000000001 00007fb4f484f000
0x00007000013d59f0:   00007fb4f484f000 00007000013d5d00
0x00007000013d5a00:   00007fb4f2f2db30 000000010fe48120 

Instructions: (pc=0x00000001272a4cdd)
0x00000001272a4cbd:   c0 e9 82 00 00 00 48 8b 5e 10 48 85 db 75 0e bf
0x00000001272a4ccd:   01 00 00 00 48 8d 15 ef 76 03 00 eb d6 49 89 fe
0x00000001272a4cdd:   4c 8b 3b 30 c0 e8 83 a3 02 00 49 8b 3f 49 89 c4
0x00000001272a4ced:   48 8b 35 34 f9 05 00 30 c0 e8 a7 a4 02 00 48 85 

Register to memory mapping:

RAX=0x00000000ffffffff is an unknown value
RBX=0x0000000000000002 is an unknown value
RCX=0x0000000000000047 is an unknown value
RDX=0x00000001272c5844: Java_sun_java2d_opengl_OGLRenderQueue_flushBuffer+0xb5c in /Library/Java/JavaVirtualMachines/jdk1.8.0_92.jdk/Contents/Home/jre/lib/libawt_lwawt.dylib at 0x000000012728a000
RSP=0x00007000013d5810 is pointing into the stack for thread: 0x00007fb4f484f000
RBP=0x00007000013d5830 is pointing into the stack for thread: 0x00007fb4f484f000
RSI=0x00007fb4f2d547c0 is an unknown value
RDI=0x00007fb4f484f1f8 is an unknown value
R8 =0x00000000f2f1030f is an unknown value
R9 =0x0000000000000000 is an unknown value
R10=0x0000000110227438 is at entry_point+56 in (nmethod*)0x0000000110227290
R11=0x0000000000000020 is an unknown value
R12=0x0000000000000000 is an unknown value
R13=0x00000007978903c0 is an oop
sun.java2d.opengl.OGLRenderQueue$QueueFlusher 
 - klass: 'sun/java2d/opengl/OGLRenderQueue$QueueFlusher'
R14=0x00007fb4f484f1f8 is an unknown value
R15=0x00007fb4f484f000 is a thread


Stack: [0x00007000012d6000,0x00007000013d6000],  sp=0x00007000013d5810,  free space=1022k
Native frames: (J=compiled Java code, j=interpreted, Vv=VM code, C=native code)
C  [libawt_lwawt.dylib+0x1acdd]  OGLSD_SetScratchSurface+0x49
C  [libawt_lwawt.dylib+0x3b322]  Java_sun_java2d_opengl_OGLRenderQueue_flushBuffer+0x63a
J 1201  sun.java2d.opengl.OGLRenderQueue.flushBuffer(JI)V (0 bytes) @ 0x00000001102274aa [0x0000000110227400+0xaa]
J 1869% C2 sun.java2d.opengl.OGLRenderQueue$QueueFlusher.run()V (234 bytes) @ 0x0000000110431fb8 [0x0000000110431c80+0x338]
v  ~StubRoutines::call_stub
V  [libjvm.dylib+0x2ecc9a]
V  [libjvm.dylib+0x2ed428]
V  [libjvm.dylib+0x2ed5d4]
V  [libjvm.dylib+0x347dbd]
V  [libjvm.dylib+0x564c57]
V  [libjvm.dylib+0x566344]
V  [libjvm.dylib+0x485bbe]
C  [libsystem_pthread.dylib+0x399d]  _pthread_body+0x83
C  [libsystem_pthread.dylib+0x391a]  _pthread_body+0x0
C  [libsystem_pthread.dylib+0x1351]  thread_start+0xd
C  0x0000000000000000

Java frames: (J=compiled Java code, j=interpreted, Vv=VM code)
J 1201  sun.java2d.opengl.OGLRenderQueue.flushBuffer(JI)V (0 bytes) @ 0x0000000110227438 [0x0000000110227400+0x38]
J 1869% C2 sun.java2d.opengl.OGLRenderQueue$QueueFlusher.run()V (234 bytes) @ 0x0000000110431fb8 [0x0000000110431c80+0x338]
v  ~StubRoutines::call_stub

---------------  P R O C E S S  ---------------

Java Threads: ( => current thread )
  0x00007fb4f3401800 JavaThread "TimerQueue" daemon [_thread_blocked, id=57891, stack(0x0000700001662000,0x0000700001762000)]
  0x00007fb4f3800800 JavaThread "DestroyJavaVM" [_thread_blocked, id=5635, stack(0x0000700000097000,0x0000700000197000)]
  0x00007fb4f3a6b800 JavaThread "AWT-EventQueue-0" [_thread_blocked, id=53511, stack(0x00007000014dc000,0x00007000015dc000)]
  0x00007fb4f3a76800 JavaThread "Java2D Disposer" daemon [_thread_blocked, id=53003, stack(0x00007000013d9000,0x00007000014d9000)]
=>0x00007fb4f484f000 JavaThread "Java2D Queue Flusher" daemon [_thread_in_native, id=49927, stack(0x00007000012d6000,0x00007000013d6000)]
  0x00007fb4f4049000 JavaThread "AWT-Shutdown" [_thread_blocked, id=29715, stack(0x0000700001150000,0x0000700001250000)]
  0x00007fb4f314a800 JavaThread "AppKit Thread" daemon [_thread_in_native, id=2571, stack(0x00007fff51056000,0x00007fff51856000)]
  0x00007fb4f307d000 JavaThread "Service Thread" daemon [_thread_blocked, id=18691, stack(0x0000700000e44000,0x0000700000f44000)]
  0x00007fb4f307c800 JavaThread "C1 CompilerThread2" daemon [_thread_blocked, id=18179, stack(0x0000700000d41000,0x0000700000e41000)]
  0x00007fb4f307b800 JavaThread "C2 CompilerThread1" daemon [_thread_blocked, id=17667, stack(0x0000700000c3e000,0x0000700000d3e000)]
  0x00007fb4f3804800 JavaThread "C2 CompilerThread0" daemon [_thread_blocked, id=17155, stack(0x0000700000b3b000,0x0000700000c3b000)]
  0x00007fb4f483f000 JavaThread "Signal Dispatcher" daemon [_thread_blocked, id=12815, stack(0x0000700000a38000,0x0000700000b38000)]
  0x00007fb4f3014000 JavaThread "Finalizer" daemon [_thread_blocked, id=12291, stack(0x000070000082f000,0x000070000092f000)]
  0x00007fb4f3011000 JavaThread "Reference Handler" daemon [_thread_blocked, id=11779, stack(0x000070000072c000,0x000070000082c000)]

Other Threads:
  0x00007fb4f300c800 VMThread [stack: 0x0000700000629000,0x0000700000729000] [id=11267]
  0x00007fb4f3812000 WatcherThread [stack: 0x0000700000f47000,0x0000700001047000] [id=19203]

VM state:not at safepoint (normal execution)

VM Mutex/Monitor currently owned by a thread: None

Heap:
 PSYoungGen      total 34816K, used 2739K [0x0000000795580000, 0x0000000797b00000, 0x00000007c0000000)
  eden space 32256K, 2% used [0x0000000795580000,0x0000000795624fb8,0x0000000797500000)
  from space 2560K, 81% used [0x0000000797880000,0x0000000797a88000,0x0000000797b00000)
  to   space 3072K, 0% used [0x0000000797500000,0x0000000797500000,0x0000000797800000)
 ParOldGen       total 87552K, used 56K [0x0000000740000000, 0x0000000745580000, 0x0000000795580000)
  object space 87552K, 0% used [0x0000000740000000,0x000000074000e000,0x0000000745580000)
 Metaspace       used 11633K, capacity 11760K, committed 12032K, reserved 1060864K
  class space    used 1369K, capacity 1420K, committed 1536K, reserved 1048576K

Card table byte_map: [0x000000011f1f5000,0x000000011f5f6000] byte_map_base: 0x000000011b7f5000

Marking Bits: (ParMarkBitMap*) 0x000000010ef0ebd0
 Begin Bits: [0x000000011f8a1000, 0x00000001218a1000)
 End Bits:   [0x00000001218a1000, 0x00000001238a1000)

Polling page: 0x000000010f5cf000

CodeCache: size=245760Kb used=6339Kb max_used=6355Kb free=239420Kb
 bounds [0x000000010fe35000, 0x0000000110475000, 0x000000011ee35000]
 total_blobs=2324 nmethods=1816 adapters=421
 compilation: enabled

Compilation events (10 events):
Event: 22597.348 Thread 0x00007fb4f307c800 1885       1       javax.swing.JScrollBar::getOrientation (5 bytes)
Event: 22597.352 Thread 0x00007fb4f307c800 nmethod 1885 0x000000011042dbd0 code [0x000000011042dd20, 0x000000011042de30]
Event: 22597.386 Thread 0x00007fb4f3804800 1886       4       java.util.IdentityHashMap$IdentityHashMapIterator::hasNext (50 bytes)
Event: 22597.415 Thread 0x00007fb4f3804800 nmethod 1886 0x000000011042d810 code [0x000000011042d960, 0x000000011042daf8]
Event: 22603.785 Thread 0x00007fb4f307b800 1887   !   4       sun.lwawt.LWWindowPeer::getSurfaceData (19 bytes)
Event: 22603.797 Thread 0x00007fb4f307b800 nmethod 1887 0x0000000110089c50 code [0x0000000110089da0, 0x0000000110089fd8]
Event: 22703.530 Thread 0x00007fb4f307c800 1888 % !   3       javax.swing.TimerQueue::run @ 9 (237 bytes)
Event: 22703.537 Thread 0x00007fb4f307c800 nmethod 1888% 0x000000011046b2d0 code [0x000000011046b6a0, 0x000000011046d918]
Event: 27604.544 Thread 0x00007fb4f307b800 1889 % !   4       javax.swing.TimerQueue::run @ 9 (237 bytes)
Event: 27604.584 Thread 0x00007fb4f307b800 nmethod 1889% 0x0000000110471850 code [0x0000000110471ba0, 0x0000000110472be8]

GC Heap History (10 events):
Event: 8828.601 GC heap before
{Heap before GC invocations=2 (full 0):
 PSYoungGen      total 38400K, used 35895K [0x0000000795580000, 0x0000000798000000, 0x00000007c0000000)
  eden space 33280K, 100% used [0x0000000795580000,0x0000000797600000,0x0000000797600000)
  from space 5120K, 51% used [0x0000000797600000,0x000000079788de90,0x0000000797b00000)
  to   space 5120K, 0% used [0x0000000797b00000,0x0000000797b00000,0x0000000798000000)
 ParOldGen       total 87552K, used 24K [0x0000000740000000, 0x0000000745580000, 0x0000000795580000)
  object space 87552K, 0% used [0x0000000740000000,0x0000000740006000,0x0000000745580000)
 Metaspace       used 11609K, capacity 11760K, committed 12032K, reserved 1060864K
  class space    used 1365K, capacity 1420K, committed 1536K, reserved 1048576K
Event: 8828.608 GC heap after
Heap after GC invocations=2 (full 0):
 PSYoungGen      total 38400K, used 2080K [0x0000000795580000, 0x0000000798000000, 0x00000007c0000000)
  eden space 33280K, 0% used [0x0000000795580000,0x0000000795580000,0x0000000797600000)
  from space 5120K, 40% used [0x0000000797b00000,0x0000000797d08000,0x0000000798000000)
  to   space 5120K, 0% used [0x0000000797600000,0x0000000797600000,0x0000000797b00000)
 ParOldGen       total 87552K, used 32K [0x0000000740000000, 0x0000000745580000, 0x0000000795580000)
  object space 87552K, 0% used [0x0000000740000000,0x0000000740008000,0x0000000745580000)
 Metaspace       used 11609K, capacity 11760K, committed 12032K, reserved 1060864K
  class space    used 1365K, capacity 1420K, committed 1536K, reserved 1048576K
}
Event: 14139.817 GC heap before
{Heap before GC invocations=3 (full 0):
 PSYoungGen      total 38400K, used 35360K [0x0000000795580000, 0x0000000798000000, 0x00000007c0000000)
  eden space 33280K, 100% used [0x0000000795580000,0x0000000797600000,0x0000000797600000)
  from space 5120K, 40% used [0x0000000797b00000,0x0000000797d08000,0x0000000798000000)
  to   space 5120K, 0% used [0x0000000797600000,0x0000000797600000,0x0000000797b00000)
 ParOldGen       total 87552K, used 32K [0x0000000740000000, 0x0000000745580000, 0x0000000795580000)
  object space 87552K, 0% used [0x0000000740000000,0x0000000740008000,0x0000000745580000)
 Metaspace       used 11611K, capacity 11760K, committed 12032K, reserved 1060864K
  class space    used 1365K, capacity 1420K, committed 1536K, reserved 1048576K
Event: 14139.824 GC heap after
Heap after GC invocations=3 (full 0):
 PSYoungGen      total 38400K, used 2048K [0x0000000795580000, 0x0000000798000000, 0x00000007c0000000)
  eden space 33280K, 0% used [0x0000000795580000,0x0000000795580000,0x0000000797600000)
  from space 5120K, 40% used [0x0000000797600000,0x0000000797800000,0x0000000797b00000)
  to   space 5120K, 0% used [0x0000000797b00000,0x0000000797b00000,0x0000000798000000)
 ParOldGen       total 87552K, used 40K [0x0000000740000000, 0x0000000745580000, 0x0000000795580000)
  object space 87552K, 0% used [0x0000000740000000,0x000000074000a000,0x0000000745580000)
 Metaspace       used 11611K, capacity 11760K, committed 12032K, reserved 1060864K
  class space    used 1365K, capacity 1420K, committed 1536K, reserved 1048576K
}
Event: 19502.396 GC heap before
{Heap before GC invocations=4 (full 0):
 PSYoungGen      total 38400K, used 35328K [0x0000000795580000, 0x0000000798000000, 0x00000007c0000000)
  eden space 33280K, 100% used [0x0000000795580000,0x0000000797600000,0x0000000797600000)
  from space 5120K, 40% used [0x0000000797600000,0x0000000797800000,0x0000000797b00000)
  to   space 5120K, 0% used [0x0000000797b00000,0x0000000797b00000,0x0000000798000000)
 ParOldGen       total 87552K, used 40K [0x0000000740000000, 0x0000000745580000, 0x0000000795580000)
  object space 87552K, 0% used [0x0000000740000000,0x000000074000a000,0x0000000745580000)
 Metaspace       used 11611K, capacity 11760K, committed 12032K, reserved 1060864K
  class space    used 1365K, capacity 1420K, committed 1536K, reserved 1048576K
Event: 19502.402 GC heap after
Heap after GC invocations=4 (full 0):
 PSYoungGen      total 38400K, used 2016K [0x0000000795580000, 0x0000000798000000, 0x00000007c0000000)
  eden space 33280K, 0% used [0x0000000795580000,0x0000000795580000,0x0000000797600000)
  from space 5120K, 39% used [0x0000000797b00000,0x0000000797cf8020,0x0000000798000000)
  to   space 5120K, 0% used [0x0000000797600000,0x0000000797600000,0x0000000797b00000)
 ParOldGen       total 87552K, used 40K [0x0000000740000000, 0x0000000745580000, 0x0000000795580000)
  object space 87552K, 0% used [0x0000000740000000,0x000000074000a000,0x0000000745580000)
 Metaspace       used 11611K, capacity 11760K, committed 12032K, reserved 1060864K
  class space    used 1365K, capacity 1420K, committed 1536K, reserved 1048576K
}
Event: 24528.083 GC heap before
{Heap before GC invocations=5 (full 0):
 PSYoungGen      total 38400K, used 35296K [0x0000000795580000, 0x0000000798000000, 0x00000007c0000000)
  eden space 33280K, 100% used [0x0000000795580000,0x0000000797600000,0x0000000797600000)
  from space 5120K, 39% used [0x0000000797b00000,0x0000000797cf8020,0x0000000798000000)
  to   space 5120K, 0% used [0x0000000797600000,0x0000000797600000,0x0000000797b00000)
 ParOldGen       total 87552K, used 40K [0x0000000740000000, 0x0000000745580000, 0x0000000795580000)
  object space 87552K, 0% used [0x0000000740000000,0x000000074000a000,0x0000000745580000)
 Metaspace       used 11633K, capacity 11760K, committed 12032K, reserved 1060864K
  class space    used 1369K, capacity 1420K, committed 1536K, reserved 1048576K
Event: 24528.106 GC heap after
Heap after GC invocations=5 (full 0):
 PSYoungGen      total 35328K, used 2258K [0x0000000795580000, 0x0000000797b80000, 0x00000007c0000000)
  eden space 32768K, 0% used [0x0000000795580000,0x0000000795580000,0x0000000797580000)
  from space 2560K, 88% used [0x0000000797600000,0x0000000797834b90,0x0000000797880000)
  to   space 3072K, 0% used [0x0000000797880000,0x0000000797880000,0x0000000797b80000)
 ParOldGen       total 87552K, used 48K [0x0000000740000000, 0x0000000745580000, 0x0000000795580000)
  object space 87552K, 0% used [0x0000000740000000,0x000000074000c000,0x0000000745580000)
 Metaspace       used 11633K, capacity 11760K, committed 12032K, reserved 1060864K
  class space    used 1369K, capacity 1420K, committed 1536K, reserved 1048576K
}
Event: 29871.971 GC heap before
{Heap before GC invocations=6 (full 0):
 PSYoungGen      total 35328K, used 35026K [0x0000000795580000, 0x0000000797b80000, 0x00000007c0000000)
  eden space 32768K, 100% used [0x0000000795580000,0x0000000797580000,0x0000000797580000)
  from space 2560K, 88% used [0x0000000797600000,0x0000000797834b90,0x0000000797880000)
  to   space 3072K, 0% used [0x0000000797880000,0x0000000797880000,0x0000000797b80000)
 ParOldGen       total 87552K, used 48K [0x0000000740000000, 0x0000000745580000, 0x0000000795580000)
  object space 87552K, 0% used [0x0000000740000000,0x000000074000c000,0x0000000745580000)
 Metaspace       used 11633K, capacity 11760K, committed 12032K, reserved 1060864K
  class space    used 1369K, capacity 1420K, committed 1536K, reserved 1048576K
Event: 29871.990 GC heap after
Heap after GC invocations=6 (full 0):
 PSYoungGen      total 34816K, used 2080K [0x0000000795580000, 0x0000000797b00000, 0x00000007c0000000)
  eden space 32256K, 0% used [0x0000000795580000,0x0000000795580000,0x0000000797500000)
  from space 2560K, 81% used [0x0000000797880000,0x0000000797a88000,0x0000000797b00000)
  to   space 3072K, 0% used [0x0000000797500000,0x0000000797500000,0x0000000797800000)
 ParOldGen       total 87552K, used 56K [0x0000000740000000, 0x0000000745580000, 0x0000000795580000)
  object space 87552K, 0% used [0x0000000740000000,0x000000074000e000,0x0000000745580000)
 Metaspace       used 11633K, capacity 11760K, committed 12032K, reserved 1060864K
  class space    used 1369K, capacity 1420K, committed 1536K, reserved 1048576K
}

Deoptimization events (10 events):
Event: 6.980 Thread 0x00007fb4f3a6b800 Uncommon trap: reason=class_check action=maybe_recompile pc=0x000000010ffa4058 method=java.lang.String.equals(Ljava/lang/Object;)Z @ 8
Event: 165.832 Thread 0x00007fb4f314a800 Uncommon trap: reason=unstable_if action=reinterpret pc=0x000000011034cd20 method=sun.java2d.pipe.BufferedContext.validate(Lsun/java2d/pipe/hw/AccelSurface;Lsun/java2d/pipe/hw/AccelSurface;Lsun/java2d/pipe/Region;Ljava/awt/Composite;Ljava/awt/geom/AffineT
Event: 165.834 Thread 0x00007fb4f3a6b800 Uncommon trap: reason=unstable_if action=reinterpret pc=0x00000001103152ac method=java.awt.EventQueue.getPriority(Ljava/awt/AWTEvent;)I @ 71
Event: 165.835 Thread 0x00007fb4f3a6b800 Uncommon trap: reason=unstable_if action=reinterpret pc=0x00000001102339a0 method=java.awt.Component.isShowing()Z @ 4
Event: 174.200 Thread 0x00007fb4f3a6b800 Uncommon trap: reason=unstable_if action=reinterpret pc=0x0000000110342d78 method=javax.swing.text.BoxView.setSpanOnAxis(IF)V @ 14
Event: 20817.644 Thread 0x00007fb4f3a6b800 Uncommon trap: reason=unstable_if action=reinterpret pc=0x000000011033c2c8 method=java.lang.ref.SoftReference.get()Ljava/lang/Object; @ 17
Event: 20817.648 Thread 0x00007fb4f3a6b800 Uncommon trap: reason=unstable_if action=reinterpret pc=0x00000001102d25a4 method=java.lang.ref.SoftReference.get()Ljava/lang/Object; @ 17
Event: 20817.735 Thread 0x00007fb4f3a6b800 Uncommon trap: reason=unstable_if action=reinterpret pc=0x0000000110378d30 method=java.util.IdentityHashMap.isEmpty()Z @ 4
Event: 22144.219 Thread 0x00007fb4f314a800 Uncommon trap: reason=null_check action=make_not_entrant pc=0x00000001102e4a40 method=java.awt.geom.AffineTransform.equals(Ljava/lang/Object;)Z @ 1
Event: 22597.418 Thread 0x00007fb4f3401800 Uncommon trap: reason=unstable_if action=reinterpret pc=0x0000000110466984 method=javax.swing.Timer.post()V @ 9

Internal exceptions (10 events):
Event: 0.227 Thread 0x00007fb4f3800800 Exception <a 'java/security/PrivilegedActionException'> (0x0000000795701318) thrown at [/Users/java_re/workspace/8-2-build-macosx-x86_64/jdk8u92/6642/hotspot/src/share/vm/prims/jvm.cpp, line 1386]
Event: 0.227 Thread 0x00007fb4f3800800 Exception <a 'java/security/PrivilegedActionException'> (0x00000007957045b8) thrown at [/Users/java_re/workspace/8-2-build-macosx-x86_64/jdk8u92/6642/hotspot/src/share/vm/prims/jvm.cpp, line 1386]
Event: 0.227 Thread 0x00007fb4f3800800 Exception <a 'java/security/PrivilegedActionException'> (0x00000007957047c8) thrown at [/Users/java_re/workspace/8-2-build-macosx-x86_64/jdk8u92/6642/hotspot/src/share/vm/prims/jvm.cpp, line 1386]
Event: 0.301 Thread 0x00007fb4f3800800 Exception <a 'java/lang/NoSuchFieldError': method resolution failed> (0x00000007957d2d30) thrown at [/Users/java_re/workspace/8-2-build-macosx-x86_64/jdk8u92/6642/hotspot/src/share/vm/prims/methodHandles.cpp, line 1146]
Event: 0.304 Thread 0x00007fb4f3800800 Exception <a 'java/lang/NoSuchFieldError': method resolution failed> (0x00000007957e0500) thrown at [/Users/java_re/workspace/8-2-build-macosx-x86_64/jdk8u92/6642/hotspot/src/share/vm/prims/methodHandles.cpp, line 1146]
Event: 0.478 Thread 0x00007fb4f3800800 Exception <a 'java/io/FileNotFoundException'> (0x000000079585acb0) thrown at [/Users/java_re/workspace/8-2-build-macosx-x86_64/jdk8u92/6642/hotspot/src/share/vm/prims/jni.cpp, line 709]
Event: 0.478 Thread 0x00007fb4f3800800 Exception <a 'java/io/FileNotFoundException'> (0x000000079585b7f0) thrown at [/Users/java_re/workspace/8-2-build-macosx-x86_64/jdk8u92/6642/hotspot/src/share/vm/prims/jni.cpp, line 709]
Event: 165.832 Thread 0x00007fb4f314a800 Implicit null exception at 0x000000011034bf19 to 0x000000011034cce5
Event: 3776.816 Thread 0x00007fb4f3014000 Exception <a 'java/lang/NullPointerException'> (0x00000007956a6948) thrown at [/Users/java_re/workspace/8-2-build-macosx-x86_64/jdk8u92/6642/hotspot/src/share/vm/interpreter/linkResolver.cpp, line 1178]
Event: 22144.219 Thread 0x00007fb4f314a800 Implicit null exception at 0x00000001102e488c to 0x00000001102e4a31

Events (10 events):
Event: 22144.219 Thread 0x00007fb4f314a800 DEOPT UNPACKING pc=0x000000010fe3a229 sp=0x00007fff51851030 mode 2
Event: 22597.418 Thread 0x00007fb4f3401800 Uncommon trap: trap_request=0xffffff65 fr.pc=0x0000000110466984
Event: 22597.423 Thread 0x00007fb4f3401800 DEOPT PACKING pc=0x0000000110466984 sp=0x00007000017618a0
Event: 22597.423 Thread 0x00007fb4f3401800 DEOPT UNPACKING pc=0x000000010fe3a229 sp=0x0000700001761830 mode 2
Event: 24528.081 Executing VM operation: ParallelGCFailedAllocation
Event: 24528.106 Executing VM operation: ParallelGCFailedAllocation done
Event: 28507.867 Thread 0x00007fb4f3401800 DEOPT PACKING pc=0x000000011046d41e sp=0x00007000017617e0
Event: 28507.867 Thread 0x00007fb4f3401800 DEOPT UNPACKING pc=0x000000010fe7c633 sp=0x0000700001761600 mode 0
Event: 29871.970 Executing VM operation: ParallelGCFailedAllocation
Event: 29871.990 Executing VM operation: ParallelGCFailedAllocation done


Dynamic libraries:
0x0000000002a6c000 	/System/Library/Frameworks/Cocoa.framework/Versions/A/Cocoa
0x0000000002a6c000 	/System/Library/Frameworks/Security.framework/Versions/A/Security
0x0000000002a6c000 	/System/Library/Frameworks/ApplicationServices.framework/Versions/A/ApplicationServices
0x0000000002a6c000 	/usr/lib/libz.1.dylib
0x0000000002a6c000 	/usr/lib/libSystem.B.dylib
0x0000000002a6c000 	/usr/lib/libobjc.A.dylib
0x0000000002a6c000 	/System/Library/Frameworks/CoreFoundation.framework/Versions/A/CoreFoundation
0x0000000002a6c000 	/System/Library/Frameworks/Foundation.framework/Versions/C/Foundation
0x0000000002a6c000 	/System/Library/Frameworks/AppKit.framework/Versions/C/AppKit
0x0000000002a6c000 	/System/Library/Frameworks/CoreData.framework/Versions/A/CoreData
0x0000000002a6c000 	/System/Library/PrivateFrameworks/RemoteViewServices.framework/Versions/A/RemoteViewServices
0x0000000002a6c000 	/System/Library/PrivateFrameworks/UIFoundation.framework/Versions/A/UIFoundation
0x0000000002a6c000 	/usr/lib/libScreenReader.dylib
0x0000000002a6c000 	/System/Library/Frameworks/Accelerate.framework/Versions/A/Accelerate
0x0000000002a6c000 	/System/Library/Frameworks/IOSurface.framework/Versions/A/IOSurface
0x0000000002a6c000 	/System/Library/Frameworks/AudioToolbox.framework/Versions/A/AudioToolbox
0x0000000002a6c000 	/System/Library/Frameworks/AudioUnit.framework/Versions/A/AudioUnit
0x0000000002a6c000 	/System/Library/PrivateFrameworks/DataDetectorsCore.framework/Versions/A/DataDetectorsCore
0x0000000002a6c000 	/System/Library/PrivateFrameworks/DesktopServicesPriv.framework/Versions/A/DesktopServicesPriv
0x0000000002a6c000 	/System/Library/Frameworks/Carbon.framework/Versions/A/Frameworks/HIToolbox.framework/Versions/A/HIToolbox
0x0000000002a6c000 	/System/Library/Frameworks/QuartzCore.framework/Versions/A/QuartzCore
0x0000000002a6c000 	/System/Library/Frameworks/Carbon.framework/Versions/A/Frameworks/SpeechRecognition.framework/Versions/A/SpeechRecognition
0x0000000002a6c000 	/usr/lib/libauto.dylib
0x0000000002a6c000 	/usr/lib/libicucore.A.dylib
0x0000000002a6c000 	/usr/lib/libxml2.2.dylib
0x0000000002a6c000 	/System/Library/PrivateFrameworks/CoreUI.framework/Versions/A/CoreUI
0x0000000002a6c000 	/System/Library/Frameworks/CoreAudio.framework/Versions/A/CoreAudio
0x0000000002a6c000 	/System/Library/Frameworks/DiskArbitration.framework/Versions/A/DiskArbitration
0x0000000002a6c000 	/usr/lib/liblangid.dylib
0x0000000002a6c000 	/System/Library/PrivateFrameworks/MultitouchSupport.framework/Versions/A/MultitouchSupport
0x0000000002a6c000 	/System/Library/Frameworks/IOKit.framework/Versions/A/IOKit
0x0000000002a6c000 	/usr/lib/libDiagnosticMessagesClient.dylib
0x0000000002a6c000 	/System/Library/Frameworks/CoreServices.framework/Versions/A/CoreServices
0x0000000002a6c000 	/System/Library/PrivateFrameworks/PerformanceAnalysis.framework/Versions/A/PerformanceAnalysis
0x0000000002a6c000 	/System/Library/PrivateFrameworks/GenerationalStorage.framework/Versions/A/GenerationalStorage
0x0000000002a6c000 	/System/Library/Frameworks/OpenGL.framework/Versions/A/OpenGL
0x0000000002a6c000 	/System/Library/PrivateFrameworks/Sharing.framework/Versions/A/Sharing
0x0000000002a6c000 	/System/Library/Frameworks/CoreGraphics.framework/Versions/A/CoreGraphics
0x0000000002a6c000 	/System/Library/Frameworks/CoreImage.framework/Versions/A/CoreImage
0x0000000002a6c000 	/System/Library/Frameworks/CoreText.framework/Versions/A/CoreText
0x0000000002a6c000 	/System/Library/Frameworks/ImageIO.framework/Versions/A/ImageIO
0x0000000002a6c000 	/System/Library/PrivateFrameworks/Backup.framework/Versions/A/Backup
0x0000000002a6c000 	/usr/lib/libextension.dylib
0x0000000002a6c000 	/usr/lib/libarchive.2.dylib
0x0000000002a6c000 	/System/Library/Frameworks/CFNetwork.framework/Versions/A/CFNetwork
0x0000000002a6c000 	/System/Library/Frameworks/SystemConfiguration.framework/Versions/A/SystemConfiguration
0x0000000002a6c000 	/usr/lib/libCRFSuite.dylib
0x0000000002a6c000 	/usr/lib/libc++.1.dylib
0x0000000002a6c000 	/usr/lib/libc++abi.dylib
0x0000000002a6c000 	/usr/lib/system/libcache.dylib
0x0000000002a6c000 	/usr/lib/system/libcommonCrypto.dylib
0x0000000002a6c000 	/usr/lib/system/libcompiler_rt.dylib
0x0000000002a6c000 	/usr/lib/system/libcopyfile.dylib
0x0000000002a6c000 	/usr/lib/system/libcorecrypto.dylib
0x0000000002a6c000 	/usr/lib/system/libdispatch.dylib
0x0000000002a6c000 	/usr/lib/system/libdyld.dylib
0x0000000002a6c000 	/usr/lib/system/libkeymgr.dylib
0x0000000002a6c000 	/usr/lib/system/liblaunch.dylib
0x0000000002a6c000 	/usr/lib/system/libmacho.dylib
0x0000000002a6c000 	/usr/lib/system/libquarantine.dylib
0x0000000002a6c000 	/usr/lib/system/libremovefile.dylib
0x0000000002a6c000 	/usr/lib/system/libsystem_asl.dylib
0x0000000002a6c000 	/usr/lib/system/libsystem_blocks.dylib
0x0000000002a6c000 	/usr/lib/system/libsystem_c.dylib
0x0000000002a6c000 	/usr/lib/system/libsystem_configuration.dylib
0x0000000002a6c000 	/usr/lib/system/libsystem_coreservices.dylib
0x0000000002a6c000 	/usr/lib/system/libsystem_coretls.dylib
0x0000000002a6c000 	/usr/lib/system/libsystem_dnssd.dylib
0x0000000002a6c000 	/usr/lib/system/libsystem_info.dylib
0x0000000002a6c000 	/usr/lib/system/libsystem_kernel.dylib
0x0000000002a6c000 	/usr/lib/system/libsystem_m.dylib
0x0000000002a6c000 	/usr/lib/system/libsystem_malloc.dylib
0x0000000002a6c000 	/usr/lib/system/libsystem_network.dylib
0x0000000002a6c000 	/usr/lib/system/libsystem_networkextension.dylib
0x0000000002a6c000 	/usr/lib/system/libsystem_notify.dylib
0x0000000002a6c000 	/usr/lib/system/libsystem_platform.dylib
0x0000000002a6c000 	/usr/lib/system/libsystem_pthread.dylib
0x0000000002a6c000 	/usr/lib/system/libsystem_sandbox.dylib
0x0000000002a6c000 	/usr/lib/system/libsystem_secinit.dylib
0x0000000002a6c000 	/usr/lib/system/libsystem_trace.dylib
0x0000000002a6c000 	/usr/lib/system/libunc.dylib
0x0000000002a6c000 	/usr/lib/system/libunwind.dylib
0x0000000002a6c000 	/usr/lib/system/libxpc.dylib
0x0000000002a6c000 	/usr/lib/libenergytrace.dylib
0x0000000002a6c000 	/usr/lib/libbsm.0.dylib
0x0000000002a6c000 	/usr/lib/system/libkxld.dylib
0x0000000002a6c000 	/usr/lib/libxar.1.dylib
0x0000000002a6c000 	/usr/lib/libsqlite3.dylib
0x0000000002a6c000 	/usr/lib/libpam.2.dylib
0x0000000002a6c000 	/usr/lib/libOpenScriptingUtil.dylib
0x0000000002a6c000 	/usr/lib/libbz2.1.0.dylib
0x0000000002a6c000 	/usr/lib/liblzma.5.dylib
0x0000000002a6c000 	/System/Library/Frameworks/CoreServices.framework/Versions/A/Frameworks/FSEvents.framework/Versions/A/FSEvents
0x0000000002a6c000 	/System/Library/Frameworks/CoreServices.framework/Versions/A/Frameworks/CarbonCore.framework/Versions/A/CarbonCore
0x0000000002a6c000 	/System/Library/Frameworks/CoreServices.framework/Versions/A/Frameworks/Metadata.framework/Versions/A/Metadata
0x0000000002a6c000 	/System/Library/Frameworks/CoreServices.framework/Versions/A/Frameworks/OSServices.framework/Versions/A/OSServices
0x0000000002a6c000 	/System/Library/Frameworks/CoreServices.framework/Versions/A/Frameworks/SearchKit.framework/Versions/A/SearchKit
0x0000000002a6c000 	/System/Library/Frameworks/CoreServices.framework/Versions/A/Frameworks/AE.framework/Versions/A/AE
0x0000000002a6c000 	/System/Library/Frameworks/CoreServices.framework/Versions/A/Frameworks/LaunchServices.framework/Versions/A/LaunchServices
0x0000000002a6c000 	/System/Library/Frameworks/CoreServices.framework/Versions/A/Frameworks/DictionaryServices.framework/Versions/A/DictionaryServices
0x0000000002a6c000 	/System/Library/Frameworks/CoreServices.framework/Versions/A/Frameworks/SharedFileList.framework/Versions/A/SharedFileList
0x0000000002a6c000 	/System/Library/Frameworks/NetFS.framework/Versions/A/NetFS
0x0000000002a6c000 	/System/Library/PrivateFrameworks/NetAuth.framework/Versions/A/NetAuth
0x0000000002a6c000 	/System/Library/PrivateFrameworks/login.framework/Versions/A/Frameworks/loginsupport.framework/Versions/A/loginsupport
0x0000000002a6c000 	/System/Library/PrivateFrameworks/TCC.framework/Versions/A/TCC
0x0000000002a6c000 	/usr/lib/libmecabra.dylib
0x0000000002a6c000 	/System/Library/Frameworks/ApplicationServices.framework/Versions/A/Frameworks/ATS.framework/Versions/A/ATS
0x0000000002a6c000 	/System/Library/Frameworks/ApplicationServices.framework/Versions/A/Frameworks/ColorSync.framework/Versions/A/ColorSync
0x0000000002a6c000 	/System/Library/Frameworks/ApplicationServices.framework/Versions/A/Frameworks/HIServices.framework/Versions/A/HIServices
0x0000000002a6c000 	/System/Library/Frameworks/ApplicationServices.framework/Versions/A/Frameworks/LangAnalysis.framework/Versions/A/LangAnalysis
0x0000000002a6c000 	/System/Library/Frameworks/ApplicationServices.framework/Versions/A/Frameworks/PrintCore.framework/Versions/A/PrintCore
0x0000000002a6c000 	/System/Library/Frameworks/ApplicationServices.framework/Versions/A/Frameworks/QD.framework/Versions/A/QD
0x0000000002a6c000 	/System/Library/Frameworks/ApplicationServices.framework/Versions/A/Frameworks/SpeechSynthesis.framework/Versions/A/SpeechSynthesis
0x0000000002a6c000 	/System/Library/Frameworks/Metal.framework/Versions/A/Metal
0x0000000002a6c000 	/System/Library/Frameworks/Accelerate.framework/Versions/A/Frameworks/vImage.framework/Versions/A/vImage
0x0000000002a6c000 	/System/Library/Frameworks/Accelerate.framework/Versions/A/Frameworks/vecLib.framework/Versions/A/vecLib
0x0000000002a6c000 	/System/Library/Frameworks/Accelerate.framework/Versions/A/Frameworks/vecLib.framework/Versions/A/libvDSP.dylib
0x0000000002a6c000 	/System/Library/Frameworks/Accelerate.framework/Versions/A/Frameworks/vecLib.framework/Versions/A/libvMisc.dylib
0x0000000002a6c000 	/System/Library/Frameworks/Accelerate.framework/Versions/A/Frameworks/vecLib.framework/Versions/A/libLAPACK.dylib
0x0000000002a6c000 	/System/Library/Frameworks/Accelerate.framework/Versions/A/Frameworks/vecLib.framework/Versions/A/libBLAS.dylib
0x0000000002a6c000 	/System/Library/Frameworks/Accelerate.framework/Versions/A/Frameworks/vecLib.framework/Versions/A/libLinearAlgebra.dylib
0x0000000002a6c000 	/System/Library/Frameworks/Accelerate.framework/Versions/A/Frameworks/vecLib.framework/Versions/A/libSparseBLAS.dylib
0x0000000002a6c000 	/System/Library/PrivateFrameworks/GPUCompiler.framework/libmetal_timestamp.dylib
0x0000000002a6c000 	/System/Library/Frameworks/OpenGL.framework/Versions/A/Libraries/libCoreFSCache.dylib
0x0000000002a6c000 	/System/Library/PrivateFrameworks/IOAccelerator.framework/Versions/A/IOAccelerator
0x0000000002a6c000 	/System/Library/Frameworks/ApplicationServices.framework/Versions/A/Frameworks/ATS.framework/Versions/A/Resources/libFontParser.dylib
0x0000000002a6c000 	/System/Library/Frameworks/ApplicationServices.framework/Versions/A/Frameworks/ATS.framework/Versions/A/Resources/libFontRegistry.dylib
0x0000000002a6c000 	/System/Library/PrivateFrameworks/AppleVPA.framework/Versions/A/AppleVPA
0x0000000002a6c000 	/System/Library/PrivateFrameworks/AppleJPEG.framework/Versions/A/AppleJPEG
0x0000000002a6c000 	/System/Library/Frameworks/ImageIO.framework/Versions/A/Resources/libJPEG.dylib
0x0000000002a6c000 	/System/Library/Frameworks/ImageIO.framework/Versions/A/Resources/libTIFF.dylib
0x0000000002a6c000 	/System/Library/Frameworks/ImageIO.framework/Versions/A/Resources/libPng.dylib
0x0000000002a6c000 	/System/Library/Frameworks/ImageIO.framework/Versions/A/Resources/libGIF.dylib
0x0000000002a6c000 	/System/Library/Frameworks/ImageIO.framework/Versions/A/Resources/libJP2.dylib
0x0000000002a6c000 	/System/Library/Frameworks/ImageIO.framework/Versions/A/Resources/libRadiance.dylib
0x0000000002a6c000 	/System/Library/Frameworks/CoreVideo.framework/Versions/A/CoreVideo
0x0000000002a6c000 	/System/Library/Frameworks/OpenGL.framework/Versions/A/Libraries/libGLU.dylib
0x0000000002a6c000 	/System/Library/Frameworks/OpenGL.framework/Versions/A/Libraries/libGFXShared.dylib
0x0000000002a6c000 	/System/Library/Frameworks/OpenGL.framework/Versions/A/Libraries/libGL.dylib
0x0000000002a6c000 	/System/Library/Frameworks/OpenGL.framework/Versions/A/Libraries/libGLImage.dylib
0x0000000002a6c000 	/System/Library/Frameworks/OpenGL.framework/Versions/A/Libraries/libCVMSPluginSupport.dylib
0x0000000002a6c000 	/System/Library/Frameworks/OpenGL.framework/Versions/A/Libraries/libCoreVMClient.dylib
0x0000000002a6c000 	/usr/lib/libcompression.dylib
0x0000000002a6c000 	/usr/lib/libcups.2.dylib
0x0000000002a6c000 	/System/Library/Frameworks/Kerberos.framework/Versions/A/Kerberos
0x0000000002a6c000 	/System/Library/Frameworks/GSS.framework/Versions/A/GSS
0x0000000002a6c000 	/usr/lib/libresolv.9.dylib
0x0000000002a6c000 	/usr/lib/libiconv.2.dylib
0x0000000002a6c000 	/System/Library/PrivateFrameworks/Heimdal.framework/Versions/A/Heimdal
0x0000000002a6c000 	/usr/lib/libheimdal-asn1.dylib
0x0000000002a6c000 	/System/Library/Frameworks/OpenDirectory.framework/Versions/A/OpenDirectory
0x0000000002a6c000 	/System/Library/PrivateFrameworks/CommonAuth.framework/Versions/A/CommonAuth
0x0000000002a6c000 	/System/Library/Frameworks/OpenDirectory.framework/Versions/A/Frameworks/CFOpenDirectory.framework/Versions/A/CFOpenDirectory
0x0000000002a6c000 	/System/Library/Frameworks/SecurityFoundation.framework/Versions/A/SecurityFoundation
0x0000000002a6c000 	/System/Library/PrivateFrameworks/LanguageModeling.framework/Versions/A/LanguageModeling
0x0000000002a6c000 	/usr/lib/libmarisa.dylib
0x0000000002a6c000 	/usr/lib/libChineseTokenizer.dylib
0x0000000002a6c000 	/usr/lib/libcmph.dylib
0x0000000002a6c000 	/System/Library/Frameworks/ServiceManagement.framework/Versions/A/ServiceManagement
0x0000000002a6c000 	/usr/lib/libxslt.1.dylib
0x0000000002a6c000 	/System/Library/Frameworks/Carbon.framework/Versions/A/Frameworks/Ink.framework/Versions/A/Ink
0x0000000002a6c000 	/usr/lib/libFosl_dynamic.dylib
0x0000000002a6c000 	/System/Library/PrivateFrameworks/FaceCore.framework/Versions/A/FaceCore
0x0000000002a6c000 	/System/Library/Frameworks/OpenCL.framework/Versions/A/OpenCL
0x0000000002a6c000 	/System/Library/PrivateFrameworks/CrashReporterSupport.framework/Versions/A/CrashReporterSupport
0x0000000002a6c000 	/System/Library/PrivateFrameworks/IconServices.framework/Versions/A/IconServices
0x0000000002a6c000 	/System/Library/PrivateFrameworks/Apple80211.framework/Versions/A/Apple80211
0x0000000002a6c000 	/System/Library/Frameworks/CoreWLAN.framework/Versions/A/CoreWLAN
0x0000000002a6c000 	/System/Library/Frameworks/IOBluetooth.framework/Versions/A/IOBluetooth
0x0000000002a6c000 	/System/Library/PrivateFrameworks/CoreWiFi.framework/Versions/A/CoreWiFi
0x0000000002a6c000 	/System/Library/Frameworks/CoreBluetooth.framework/Versions/A/CoreBluetooth
0x0000000002a6c000 	/System/Library/PrivateFrameworks/ChunkingLibrary.framework/Versions/A/ChunkingLibrary
0x0000000002a6c000 	/System/Library/PrivateFrameworks/DebugSymbols.framework/Versions/A/DebugSymbols
0x0000000002a6c000 	/System/Library/PrivateFrameworks/CoreSymbolication.framework/Versions/A/CoreSymbolication
0x0000000002a6c000 	/System/Library/PrivateFrameworks/Symbolication.framework/Versions/A/Symbolication
0x0000000002a6c000 	/System/Library/PrivateFrameworks/SpeechRecognitionCore.framework/Versions/A/SpeechRecognitionCore
0x000000010e626000 	/Library/Java/JavaVirtualMachines/jdk1.8.0_92.jdk/Contents/Home/jre/lib/server/libjvm.dylib
0x0000000002a6c000 	/usr/lib/libstdc++.6.dylib
0x000000010f5c1000 	/Library/Java/JavaVirtualMachines/jdk1.8.0_92.jdk/Contents/Home/jre/lib/libverify.dylib
0x000000010fe00000 	/Library/Java/JavaVirtualMachines/jdk1.8.0_92.jdk/Contents/Home/jre/lib/libjava.dylib
0x000000010f5d9000 	/Library/Java/JavaVirtualMachines/jdk1.8.0_92.jdk/Contents/Home/jre/lib/libzip.dylib
0x000000010f5e3000 	/System/Library/Frameworks/JavaVM.framework/Frameworks/JavaRuntimeSupport.framework/JavaRuntimeSupport
0x0000000125797000 	/System/Library/Frameworks/JavaVM.framework/Versions/A/Frameworks/JavaNativeFoundation.framework/Versions/A/JavaNativeFoundation
0x00000001257ac000 	/System/Library/Frameworks/JavaVM.framework/Versions/A/JavaVM
0x0000000002a6c000 	/System/Library/Frameworks/Carbon.framework/Versions/A/Carbon
0x00000001257b9000 	/System/Library/PrivateFrameworks/JavaLaunching.framework/Versions/A/JavaLaunching
0x0000000002a6c000 	/System/Library/Frameworks/Carbon.framework/Versions/A/Frameworks/CommonPanels.framework/Versions/A/CommonPanels
0x0000000002a6c000 	/System/Library/Frameworks/Carbon.framework/Versions/A/Frameworks/Help.framework/Versions/A/Help
0x0000000002a6c000 	/System/Library/Frameworks/Carbon.framework/Versions/A/Frameworks/ImageCapture.framework/Versions/A/ImageCapture
0x0000000002a6c000 	/System/Library/Frameworks/Carbon.framework/Versions/A/Frameworks/OpenScripting.framework/Versions/A/OpenScripting
0x0000000002a6c000 	/System/Library/Frameworks/Carbon.framework/Versions/A/Frameworks/Print.framework/Versions/A/Print
0x0000000002a6c000 	/System/Library/Frameworks/Carbon.framework/Versions/A/Frameworks/SecurityHI.framework/Versions/A/SecurityHI
0x0000000127116000 	/Library/Java/JavaVirtualMachines/jdk1.8.0_92.jdk/Contents/Home/jre/lib/libawt.dylib
0x00000001271be000 	/Library/Java/JavaVirtualMachines/jdk1.8.0_92.jdk/Contents/Home/jre/lib/./libmlib_image.dylib
0x000000012728a000 	/Library/Java/JavaVirtualMachines/jdk1.8.0_92.jdk/Contents/Home/jre/lib/libawt_lwawt.dylib
0x000000012733f000 	/Library/Java/JavaVirtualMachines/jdk1.8.0_92.jdk/Contents/Home/jre/lib/./libosxapp.dylib
0x0000000002a6c000 	/System/Library/Frameworks/ExceptionHandling.framework/Versions/A/ExceptionHandling
0x0000000002a6c000 	/System/Library/PrivateFrameworks/CoreServicesInternal.framework/Versions/A/CoreServicesInternal
0x0000000002a6c000 	/System/Library/Frameworks/CoreGraphics.framework/Versions/A/Resources/libRIP.A.dylib
0x0000000002a6c000 	/System/Library/Frameworks/Accelerate.framework/Versions/A/Frameworks/vImage.framework/Versions/A/Libraries/libCGInterfaces.dylib
0x0000000002a6c000 	/System/Library/Frameworks/CoreGraphics.framework/Versions/A/Resources/libCGXType.A.dylib
0x0000000002a6c000 	/System/Library/Frameworks/OpenCL.framework/Versions/A/Libraries/libcldcpuengine.dylib
0x0000000002a6c000 	/System/Library/PrivateFrameworks/DiskImages.framework/Versions/A/DiskImages
0x0000000002a6c000 	/System/Library/Frameworks/DiscRecording.framework/Versions/A/DiscRecording
0x0000000002a6c000 	/usr/lib/libcsfde.dylib
0x0000000002a6c000 	/usr/lib/libcurl.4.dylib
0x0000000002a6c000 	/System/Library/PrivateFrameworks/MediaKit.framework/Versions/A/MediaKit
0x0000000002a6c000 	/System/Library/PrivateFrameworks/ProtectedCloudStorage.framework/Versions/A/ProtectedCloudStorage
0x0000000002a6c000 	/usr/lib/libCoreStorage.dylib
0x0000000002a6c000 	/System/Library/PrivateFrameworks/EFILogin.framework/Versions/A/EFILogin
0x0000000002a6c000 	/usr/lib/libutil.dylib
0x0000000002a6c000 	/System/Library/PrivateFrameworks/FindMyDevice.framework/Versions/A/FindMyDevice
0x0000000002a6c000 	/System/Library/Frameworks/LDAP.framework/Versions/A/LDAP
0x0000000002a6c000 	/usr/lib/libsasl2.2.dylib
0x0000000002a6c000 	/System/Library/PrivateFrameworks/CoreDaemon.framework/Versions/B/CoreDaemon
0x0000000002a6c000 	/usr/lib/libcrypto.0.9.8.dylib
0x0000000002a6c000 	/System/Library/PrivateFrameworks/AppleSRP.framework/Versions/A/AppleSRP
0x0000000002a6c000 	/System/Library/PrivateFrameworks/TrustEvaluationAgent.framework/Versions/A/TrustEvaluationAgent
0x0000000128a7b000 	cl_kernels
0x0000000002a6c000 	/System/Library/Frameworks/OpenCL.framework/Versions/A/Libraries/ImageFormats/unorm8_bgra.dylib
0x0000000002a6c000 	/System/Library/Frameworks/OpenCL.framework/Versions/A/Libraries/ImageFormats/unorm8_rgba.dylib
0x0000000002a6c000 	/System/Library/PrivateFrameworks/FamilyControls.framework/Versions/A/FamilyControls
0x0000000002a6c000 	/System/Library/PrivateFrameworks/CommerceKit.framework/Versions/A/Frameworks/CommerceCore.framework/Versions/A/CommerceCore
0x0000000002a6c000 	/System/Library/PrivateFrameworks/SystemAdministration.framework/Versions/A/SystemAdministration
0x0000000002a6c000 	/System/Library/PrivateFrameworks/AppContainer.framework/Versions/A/AppContainer
0x0000000002a6c000 	/System/Library/PrivateFrameworks/SecCodeWrapper.framework/Versions/A/SecCodeWrapper
0x0000000002a6c000 	/System/Library/Frameworks/DirectoryService.framework/Versions/A/DirectoryService
0x0000000002a6c000 	/System/Library/PrivateFrameworks/LoginUIKit.framework/Versions/A/Frameworks/LoginUICore.framework/Versions/A/LoginUICore
0x0000000002a6c000 	/usr/lib/libodfde.dylib
0x0000000002a6c000 	/System/Library/Frameworks/OpenGL.framework/Versions/A/Resources/GLEngine.bundle/GLEngine
0x0000000002a6c000 	/System/Library/Frameworks/OpenGL.framework/Versions/A/Libraries/libGLProgrammability.dylib
0x0000000129a98000 	/System/Library/Extensions/AppleIntelBDWGraphicsGLDriver.bundle/Contents/MacOS/AppleIntelBDWGraphicsGLDriver
0x0000000002a6c000 	/System/Library/PrivateFrameworks/GPUSupport.framework/Versions/A/Libraries/libGPUSupportMercury.dylib
0x0000000002a6c000 	/System/Library/Frameworks/OpenGL.framework/Versions/A/Resources/GLRendererFloat.bundle/GLRendererFloat
0x000000012a9e3000 	/Library/Java/JavaVirtualMachines/jdk1.8.0_92.jdk/Contents/Home/jre/lib/libfontmanager.dylib
0x000000012aa4a000 	/Library/Java/JavaVirtualMachines/jdk1.8.0_92.jdk/Contents/Home/jre/lib/libosxui.dylib
0x000000012c7d9000 	/System/Library/Extensions/AppleIntelBDWGraphicsMTLDriver.bundle/Contents/MacOS/AppleIntelBDWGraphicsMTLDriver
0x000000012ce07000 	/Library/Java/JavaVirtualMachines/jdk1.8.0_92.jdk/Contents/Home/jre/lib/libnet.dylib
0x000000012ca1e000 	/Library/Java/JavaVirtualMachines/jdk1.8.0_92.jdk/Contents/Home/jre/lib/libnio.dylib
0x0000000002a6c000 	/System/Library/Frameworks/ApplicationServices.framework/Versions/A/Frameworks/ATS.framework/Versions/A/Resources/libTrueTypeScaler.dylib
0x0000000002a6c000 	/System/Library/PrivateFrameworks/Shortcut.framework/Versions/A/Shortcut
0x0000000002a6c000 	/System/Library/PrivateFrameworks/HelpData.framework/Versions/A/HelpData
0x0000000002a6c000 	/usr/lib/libtidy.A.dylib

VM Arguments:
jvm_args: -Dfile.encoding=UTF-8 
java_command: earlyDays.TextArea1
java_class_path (initial): /Users/Mont/workspace/myProjects/bin
Launcher Type: SUN_STANDARD

Environment Variables:
PATH=/usr/bin:/bin:/usr/sbin:/sbin
SHELL=/bin/bash

Signal Handlers:
SIGSEGV: [libjvm.dylib+0x5aa779], sa_mask[0]=11111111011111110111111111111111, sa_flags=SA_ONSTACK|SA_RESTART|SA_SIGINFO
SIGBUS: [libjvm.dylib+0x5aa779], sa_mask[0]=11111111011111110111111111111111, sa_flags=SA_RESTART|SA_SIGINFO
SIGFPE: [libjvm.dylib+0x4831d0], sa_mask[0]=11111111011111110111111111111111, sa_flags=SA_RESTART|SA_SIGINFO
SIGPIPE: [libjvm.dylib+0x4831d0], sa_mask[0]=11111111011111110111111111111111, sa_flags=SA_RESTART|SA_SIGINFO
SIGXFSZ: [libjvm.dylib+0x4831d0], sa_mask[0]=11111111011111110111111111111111, sa_flags=SA_RESTART|SA_SIGINFO
SIGILL: [libjvm.dylib+0x4831d0], sa_mask[0]=11111111011111110111111111111111, sa_flags=SA_RESTART|SA_SIGINFO
SIGUSR1: SIG_DFL, sa_mask[0]=00000000000000000000000000000000, sa_flags=none
SIGUSR2: [libjvm.dylib+0x482cee], sa_mask[0]=00100000000000000000000000000000, sa_flags=SA_RESTART|SA_SIGINFO
SIGHUP: [libjvm.dylib+0x4812c5], sa_mask[0]=11111111011111110111111111111111, sa_flags=SA_RESTART|SA_SIGINFO
SIGINT: [libjvm.dylib+0x4812c5], sa_mask[0]=11111111011111110111111111111111, sa_flags=SA_RESTART|SA_SIGINFO
SIGTERM: [libjvm.dylib+0x4812c5], sa_mask[0]=11111111011111110111111111111111, sa_flags=SA_RESTART|SA_SIGINFO
SIGQUIT: [libjvm.dylib+0x4812c5], sa_mask[0]=11111111011111110111111111111111, sa_flags=SA_RESTART|SA_SIGINFO


---------------  S Y S T E M  ---------------

OS:Bsduname:Darwin 15.6.0 Darwin Kernel Version 15.6.0: Thu Jun 23 18:25:34 PDT 2016; root:xnu-3248.60.10~1/RELEASE_X86_64 x86_64
rlimit: STACK 8192k, CORE 0k, NPROC 709, NOFILE 10240, AS infinity
load average:1.34 1.45 1.75

CPU:total 4 (2 cores per cpu, 2 threads per core) family 6 model 61 stepping 4, cmov, cx8, fxsr, mmx, sse, sse2, sse3, ssse3, sse4.1, sse4.2, popcnt, avx, avx2, aes, clmul, erms, 3dnowpref, lzcnt, ht, tsc, tscinvbit, bmi1, bmi2, adx

Memory: 4k page, physical 8388608k(1491856k free)

/proc/meminfo:


vm_info: Java HotSpot(TM) 64-Bit Server VM (25.92-b14) for bsd-amd64 JRE (1.8.0_92-b14), built on Mar 31 2016 21:23:14 by "java_re" with gcc 4.2.1 (Based on Apple Inc. build 5658) (LLVM build 2336.11.00)

time: Thu Aug 18 19:54:23 2016
elapsed time: 29872 seconds (0d 8h 17m 52s)

